<?xml version="1.0" encoding="UTF-8"?>
<beans xmlns="http://www.springframework.org/schema/beans"
	xmlns:xsi="http://www.w3.org/2001/XMLSchema-instance" xmlns:context="http://www.springframework.org/schema/context"
	xmlns:tx="http://www.springframework.org/schema/tx"
	xsi:schemaLocation="http://www.springframework.org/schema/beans http://www.springframework.org/schema/beans/spring-beans.xsd
		http://www.springframework.org/schema/context http://www.springframework.org/schema/context/spring-context-4.2.xsd
		http://www.springframework.org/schema/tx http://www.springframework.org/schema/tx/spring-tx-4.2.xsd">

	<context:component-scan base-package="com.shaji.javaee.repository"></context:component-scan>

	<beans profile="test">
		<!-- HSQLDB Data Source with in-memory db for testing -->
		<bean id="dataSource" class="org.apache.commons.dbcp.BasicDataSource">
			<property name="driverClassName" value="org.hsqldb.jdbcDriver" />
			<property name="url" value="jdbc:hsqldb:mem:test" />
			<property name="username" value="test" />
			<property name="password" value="" />
			<property name="initialSize" value="5" />
			<property name="maxActive" value="10" />
			<property name="poolPreparedStatements" value="true" />
			<property name="maxOpenPreparedStatements" value="10" />
		</bean>

		<bean id="transactionManager"
			class="org.springframework.jdbc.datasource.DataSourceTransactionManager">
			<property name="dataSource" ref="dataSource"></property>
		</bean>
		<tx:annotation-driven />

		<!-- HSQLDB - hibernate.hbm2ddl.auto - to allow auto create tables -->
		<bean id="sessionFactory"
			class="org.springframework.orm.hibernate4.LocalSessionFactoryBean">
			<property name="dataSource" ref="dataSource"></property>
			<property name="hibernateProperties">
				<props>
					<prop key="hibernate.dialect">org.hibernate.dialect.HSQLDialect</prop>
					<prop key="hibernate.hbm2ddl.auto">update</prop>
				</props>
			</property>
			<property name="packagesToScan">
				<list>
					<value>com.shaji.javaee.model</value>
				</list>
			</property>
		</bean>
	</beans>
</beans>
